<?xml version="1.0" encoding="UTF-8"?>
<testsuite xmlns:xsi="http://www.w3.org/2001/XMLSchema-instance" xsi:noNamespaceSchemaLocation="https://maven.apache.org/surefire/maven-surefire-plugin/xsd/surefire-test-report-3.0.xsd" version="3.0" name="edu.akka.sample.finance.data.provider.TestTransactionProvider" time="0.02" tests="3" errors="0" skipped="0" failures="0">
  <properties>
[...]
</properties>
  <testcase name="testReadBigChunkAtOnce" classname="edu.akka.sample.finance.data.provider.TestTransactionProvider" time="0.01"/>
  <testcase name="testReadBigChuckAfterSomeRead" classname="edu.akka.sample.finance.data.provider.TestTransactionProvider" time="0.001"/>
  <testcase name="testReadAfterAllRead" classname="edu.akka.sample.finance.data.provider.TestTransactionProvider" time="0.001"/>
</testsuite>